GROUP,PACKAGE,CLASS,INSTRUCTION_MISSED,INSTRUCTION_COVERED,BRANCH_MISSED,BRANCH_COVERED,LINE_MISSED,LINE_COVERED,COMPLEXITY_MISSED,COMPLEXITY_COVERED,METHOD_MISSED,METHOD_COVERED
graphql-spring-boot-starter-sample,com.scigility.graphql.sample.dataFetchers,RoleDataFetcher,0,89,1,3,0,18,1,6,0,5
graphql-spring-boot-starter-sample,com.scigility.graphql.sample.dataFetchers,UserDataFetcher,0,102,1,3,0,19,1,7,0,6
graphql-spring-boot-starter-sample,com.scigility.graphql.sample.fields,RoleFields,0,272,0,0,0,53,0,11,0,11
graphql-spring-boot-starter-sample,com.scigility.graphql.sample.fields,HelloWorldFields,0,15,0,0,0,8,0,3,0,3
graphql-spring-boot-starter-sample,com.scigility.graphql.sample.fields,UserFields,0,293,0,0,0,55,0,11,0,11
graphql-spring-boot-starter-sample,com.scigility.graphql.sample.domain,Role,0,26,0,0,0,6,0,6,0,6
graphql-spring-boot-starter-sample,com.scigility.graphql.sample.domain,User,0,29,0,0,0,6,0,6,0,6
graphql-spring-boot-starter-sample,com.scigility.graphql.sample,Application,5,3,0,0,2,1,1,1,1,1
graphql-spring-boot-starter-sample,com.scigility.graphql.sample,CustomGraphQlExecutorImpl,6,3,0,0,2,1,1,1,1,1
